\BOOKMARK [0][-]{chapter.1}{ABSTRACT}{}% 1
\BOOKMARK [0][-]{chapter.2}{Introduction}{}% 2
\BOOKMARK [1][-]{section.2.1}{Background \(< 1/2 p\)}{chapter.2}% 3
\BOOKMARK [1][-]{section.2.2}{Problem Statement \(3 lines + 5 lines \)}{chapter.2}% 4
\BOOKMARK [1][-]{section.2.3}{Motivation \(<1/2 pages\)}{chapter.2}% 5
\BOOKMARK [1][-]{section.2.4}{Research Questions \(1/2-1 p\)}{chapter.2}% 6
\BOOKMARK [0][-]{chapter.3}{Related Work \(3-10 p\)}{}% 7
\BOOKMARK [1][-]{section.3.1}{Risk Analysis}{chapter.3}% 8
\BOOKMARK [1][-]{section.3.2}{Cloud Computing}{chapter.3}% 9
\BOOKMARK [2][-]{subsection.3.2.1}{Essential Characteristics}{section.3.2}% 10
\BOOKMARK [2][-]{subsection.3.2.2}{Service Models}{section.3.2}% 11
\BOOKMARK [1][-]{section.3.3}{Security and Privacy issues}{chapter.3}% 12
\BOOKMARK [0][-]{chapter.4}{Research Methodology \(2 - 4p\)}{}% 13
\BOOKMARK [1][-]{section.4.1}{Design Science}{chapter.4}% 14
\BOOKMARK [1][-]{section.4.2}{Methods and research questions}{chapter.4}% 15
\BOOKMARK [0][-]{chapter.5}{Milestone}{}% 16
\BOOKMARK [1][-]{section.5.1}{External Institution}{chapter.5}% 17
\BOOKMARK [1][-]{section.5.2}{Paper publications \(<2 p\)}{chapter.5}% 18
\BOOKMARK [1][-]{section.5.3}{Research Risk and Mitigation \(< 2 p\)}{chapter.5}% 19
\BOOKMARK [1][-]{section.5.4}{Conferences and Journals}{chapter.5}% 20
\BOOKMARK [0][-]{chapter.6}{Supervision}{}% 21
\BOOKMARK [0][-]{chapter.7}{Funding Plan}{}% 22
\BOOKMARK [0][-]{chapter.8}{Ethical and legal considerations}{}% 23
\BOOKMARK [0][-]{Item.26}{Bibliography}{}% 24
